2021-07-30 18:27:17 main.py [line:83] INFO 所需配置键值对存在，读取cfg成功。

2021-07-30 18:27:17 main.py [line:127] INFO 来源文件名：source/allitems-cvrf-year-2021.xml

2021-07-30 18:27:18 main.py [line:97] INFO result.xlsx存在，有已有记录，追加记录。

2021-07-30 18:27:18 main.py [line:99] INFO 已记录的CVE code:

2021-07-30 18:27:18 main.py [line:101] INFO ['CVE-2021-0109', 'CVE-2021-0301', 'CVE-2021-1994', 'CVE-2021-1995', 'CVE-2021-1996', 'CVE-2021-2033', 'CVE-2021-2047', 'CVE-2021-2064', 'CVE-2021-2075', 'CVE-2021-2108', 'CVE-2021-2109', 'CVE-2021-21234', 'CVE-2021-22112', 'CVE-2021-22113', 'CVE-2021-22114', 'CVE-2021-24122', 'CVE-2021-25122', 'CVE-2021-25329', 'CVE-2021-27208', 'CVE-2021-28952', 'CVE-2021-0051', 'CVE-2021-2135', 'CVE-2021-2136', 'CVE-2021-2142', 'CVE-2021-2157', 'CVE-2021-2204', 'CVE-2021-2211', 'CVE-2021-22118', 'CVE-2021-22119', 'CVE-2021-2214', 'CVE-2021-2294', 'CVE-2021-26074', 'CVE-2021-26077', 'CVE-2021-29500', 'CVE-2021-31408']

2021-07-30 18:27:18 main.py [line:149] INFO 在Note：'Improper input validation in the Intel(R) SPS versions before SPS_E5_04.04.04.023.0, SPS_E5_04.04.03.228.0 or SPS_SoC-A_05.00.03.098.0 may allow a privileged user to potentially enable denial of service via local access.
Published:2021-06-09
Modified:2021-07-16
'中找到关键词：soc，CVE号：CVE-2021-0051

2021-07-30 18:27:18 main.py [line:151] INFO CVE号：CVE-2021-0051记录已有，不更新追加。

2021-07-30 18:27:18 main.py [line:149] INFO 在Note：'Insecure inherited permissions for the Intel(R) SOC driver package for STK1A32SC before version 604 may allow an authenticated user to potentially enable escalation of privilege via local access.
Published:2021-02-17
Modified:2021-02-17
'中找到关键词：soc，CVE号：CVE-2021-0109

2021-07-30 18:27:18 main.py [line:151] INFO CVE号：CVE-2021-0109记录已有，不更新追加。

2021-07-30 18:27:18 main.py [line:149] INFO 在Note：'In ged, there is a possible out of bounds write due to a missing bounds check. This could lead to local escalation of privilege with System execution privileges needed. User interaction is not needed for exploitation. Product: Android; Versions: Android SoC; Android ID: A-172514667.
Published:2021-01-11
Modified:2021-01-11
'中找到关键词：soc，CVE号：CVE-2021-0301

2021-07-30 18:27:18 main.py [line:151] INFO CVE号：CVE-2021-0301记录已有，不更新追加。

2021-07-30 18:27:18 main.py [line:149] INFO 在Note：'Vulnerability in the Oracle WebLogic Server product of Oracle Fusion Middleware (component: Web Services). Supported versions that are affected are 10.3.6.0.0 and 12.1.3.0.0. Easily exploitable vulnerability allows unauthenticated attacker with network access via HTTP to compromise Oracle WebLogic Server. Successful attacks of this vulnerability can result in takeover of Oracle WebLogic Server. CVSS 3.1 Base Score 9.8 (Confidentiality, Integrity and Availability impacts). CVSS Vector: (CVSS:3.1/AV:N/AC:L/PR:N/UI:N/S:U/C:H/I:H/A:H).
Published:2021-01-20
Modified:2021-01-20
'中找到关键词：weblogic，CVE号：CVE-2021-1994

2021-07-30 18:27:18 main.py [line:151] INFO CVE号：CVE-2021-1994记录已有，不更新追加。

2021-07-30 18:27:18 main.py [line:149] INFO 在Note：'Vulnerability in the Oracle WebLogic Server product of Oracle Fusion Middleware (component: Web Services). Supported versions that are affected are 10.3.6.0.0 and 12.1.3.0.0. Easily exploitable vulnerability allows low privileged attacker with network access via HTTP to compromise Oracle WebLogic Server. Successful attacks of this vulnerability can result in unauthorized creation, deletion or modification access to critical data or all Oracle WebLogic Server accessible data. CVSS 3.1 Base Score 6.5 (Integrity impacts). CVSS Vector: (CVSS:3.1/AV:N/AC:L/PR:L/UI:N/S:U/C:N/I:H/A:N).
Published:2021-01-20
Modified:2021-01-20
'中找到关键词：weblogic，CVE号：CVE-2021-1995

2021-07-30 18:27:18 main.py [line:151] INFO CVE号：CVE-2021-1995记录已有，不更新追加。

2021-07-30 18:27:18 main.py [line:149] INFO 在Note：'Vulnerability in the Oracle WebLogic Server product of Oracle Fusion Middleware (component: Web Services). Supported versions that are affected are 10.3.6.0.0 and 12.1.3.0.0. Easily exploitable vulnerability allows high privileged attacker with network access via HTTP to compromise Oracle WebLogic Server. Successful attacks require human interaction from a person other than the attacker. Successful attacks of this vulnerability can result in unauthorized read access to a subset of Oracle WebLogic Server accessible data. CVSS 3.1 Base Score 2.4 (Confidentiality impacts). CVSS Vector: (CVSS:3.1/AV:N/AC:L/PR:H/UI:R/S:U/C:L/I:N/A:N).
Published:2021-01-20
Modified:2021-01-20
'中找到关键词：weblogic，CVE号：CVE-2021-1996

2021-07-30 18:27:18 main.py [line:151] INFO CVE号：CVE-2021-1996记录已有，不更新追加。

2021-07-30 18:27:18 main.py [line:149] INFO 在Note：'Vulnerability in the Oracle WebLogic Server product of Oracle Fusion Middleware (component: Core Components). Supported versions that are affected are 12.1.3.0.0, 12.2.1.3.0, 12.2.1.4.0 and 14.1.1.0.0. Easily exploitable vulnerability allows low privileged attacker with network access via HTTP to compromise Oracle WebLogic Server. Successful attacks of this vulnerability can result in unauthorized ability to cause a partial denial of service (partial DOS) of Oracle WebLogic Server. CVSS 3.1 Base Score 4.3 (Availability impacts). CVSS Vector: (CVSS:3.1/AV:N/AC:L/PR:L/UI:N/S:U/C:N/I:N/A:L).
Published:2021-01-20
Modified:2021-01-20
'中找到关键词：weblogic，CVE号：CVE-2021-2033

2021-07-30 18:27:18 main.py [line:151] INFO CVE号：CVE-2021-2033记录已有，不更新追加。

2021-07-30 18:27:18 main.py [line:149] INFO 在Note：'Vulnerability in the Oracle WebLogic Server product of Oracle Fusion Middleware (component: Core Components). Supported versions that are affected are 10.3.6.0.0, 12.1.3.0.0, and 12.2.1.3.0. Easily exploitable vulnerability allows unauthenticated attacker with network access via IIOP, T3 to compromise Oracle WebLogic Server. Successful attacks of this vulnerability can result in takeover of Oracle WebLogic Server. CVSS 3.1 Base Score 9.8 (Confidentiality, Integrity and Availability impacts). CVSS Vector: (CVSS:3.1/AV:N/AC:L/PR:N/UI:N/S:U/C:H/I:H/A:H).
Published:2021-01-20
Modified:2021-03-05
'中找到关键词：weblogic，CVE号：CVE-2021-2047

2021-07-30 18:27:18 main.py [line:151] INFO CVE号：CVE-2021-2047记录已有，不更新追加。

2021-07-30 18:27:18 main.py [line:149] INFO 在Note：'Vulnerability in the Oracle WebLogic Server product of Oracle Fusion Middleware (component: Core Components). The supported version that is affected is 12.1.3.0.0. Easily exploitable vulnerability allows unauthenticated attacker with network access via IIOP, T3 to compromise Oracle WebLogic Server. Successful attacks of this vulnerability can result in takeover of Oracle WebLogic Server. CVSS 3.1 Base Score 9.8 (Confidentiality, Integrity and Availability impacts). CVSS Vector: (CVSS:3.1/AV:N/AC:L/PR:N/UI:N/S:U/C:H/I:H/A:H).
Published:2021-01-20
Modified:2021-01-20
'中找到关键词：weblogic，CVE号：CVE-2021-2064

2021-07-30 18:27:18 main.py [line:151] INFO CVE号：CVE-2021-2064记录已有，不更新追加。

2021-07-30 18:27:18 main.py [line:149] INFO 在Note：'Vulnerability in the Oracle WebLogic Server product of Oracle Fusion Middleware (component: Samples). Supported versions that are affected are 10.3.6.0.0, 12.1.3.0.0, 12.2.1.3.0, 12.2.1.4.0 and 14.1.1.0.0. Easily exploitable vulnerability allows unauthenticated attacker with network access via IIOP, T3 to compromise Oracle WebLogic Server. Successful attacks of this vulnerability can result in takeover of Oracle WebLogic Server. CVSS 3.1 Base Score 9.8 (Confidentiality, Integrity and Availability impacts). CVSS Vector: (CVSS:3.1/AV:N/AC:L/PR:N/UI:N/S:U/C:H/I:H/A:H).
Published:2021-01-20
Modified:2021-01-20
'中找到关键词：weblogic，CVE号：CVE-2021-2075

2021-07-30 18:27:18 main.py [line:151] INFO CVE号：CVE-2021-2075记录已有，不更新追加。

2021-07-30 18:27:18 main.py [line:149] INFO 在Note：'Vulnerability in the Oracle WebLogic Server product of Oracle Fusion Middleware (component: Core Components). The supported version that is affected is 12.1.3.0.0. Easily exploitable vulnerability allows unauthenticated attacker with network access via IIOP, T3 to compromise Oracle WebLogic Server. Successful attacks of this vulnerability can result in takeover of Oracle WebLogic Server. CVSS 3.1 Base Score 9.8 (Confidentiality, Integrity and Availability impacts). CVSS Vector: (CVSS:3.1/AV:N/AC:L/PR:N/UI:N/S:U/C:H/I:H/A:H).
Published:2021-01-20
Modified:2021-01-20
'中找到关键词：weblogic，CVE号：CVE-2021-2108

2021-07-30 18:27:18 main.py [line:151] INFO CVE号：CVE-2021-2108记录已有，不更新追加。

2021-07-30 18:27:18 main.py [line:149] INFO 在Note：'Vulnerability in the Oracle WebLogic Server product of Oracle Fusion Middleware (component: Console). Supported versions that are affected are 10.3.6.0.0, 12.1.3.0.0, 12.2.1.3.0, 12.2.1.4.0 and 14.1.1.0.0. Easily exploitable vulnerability allows high privileged attacker with network access via HTTP to compromise Oracle WebLogic Server. Successful attacks of this vulnerability can result in takeover of Oracle WebLogic Server. CVSS 3.1 Base Score 7.2 (Confidentiality, Integrity and Availability impacts). CVSS Vector: (CVSS:3.1/AV:N/AC:L/PR:H/UI:N/S:U/C:H/I:H/A:H).
Published:2021-01-20
Modified:2021-01-22
'中找到关键词：weblogic，CVE号：CVE-2021-2109

2021-07-30 18:27:18 main.py [line:151] INFO CVE号：CVE-2021-2109记录已有，不更新追加。

2021-07-30 18:27:18 main.py [line:149] INFO 在Note：'spring-boot-actuator-logview in a library that adds a simple logfile viewer as spring boot actuator endpoint. It is maven package "eu.hinsch:spring-boot-actuator-logview". In spring-boot-actuator-logview before version 0.2.13 there is a directory traversal vulnerability. The nature of this library is to expose a log file directory via admin (spring boot actuator) HTTP endpoints. Both the filename to view and a base folder (relative to the logging folder root) can be specified via request parameters. While the filename parameter was checked to prevent directory traversal exploits (so that `filename=../somefile` would not work), the base folder parameter was not sufficiently checked, so that `filename=somefile&base=../` could access a file outside the logging base directory). The vulnerability has been patched in release 0.2.13. Any users of 0.2.12 should be able to update without any issues as there are no other changes in that release. There is no workaround to fix the vulnerability other than updating or removing the dependency. However, removing read access of the user the application is run with to any directory not required for running the application can limit the impact. Additionally, access to the logview endpoint can be limited by deploying the application behind a reverse proxy.
Published:2021-01-05
Modified:2021-01-05
'中找到关键词：spring，CVE号：CVE-2021-21234

2021-07-30 18:27:18 main.py [line:151] INFO CVE号：CVE-2021-21234记录已有，不更新追加。

2021-07-30 18:27:18 main.py [line:149] INFO 在Note：'Vulnerability in the Oracle WebLogic Server product of Oracle Fusion Middleware (component: Coherence Container). Supported versions that are affected are 12.2.1.3.0, 12.2.1.4.0 and 14.1.1.0.0. Easily exploitable vulnerability allows unauthenticated attacker with network access via T3, IIOP to compromise Oracle WebLogic Server. Successful attacks of this vulnerability can result in takeover of Oracle WebLogic Server. CVSS 3.1 Base Score 9.8 (Confidentiality, Integrity and Availability impacts). CVSS Vector: (CVSS:3.1/AV:N/AC:L/PR:N/UI:N/S:U/C:H/I:H/A:H).
Published:2021-04-22
Modified:2021-07-28
'中找到关键词：weblogic，CVE号：CVE-2021-2135

2021-07-30 18:27:18 main.py [line:151] INFO CVE号：CVE-2021-2135记录已有，不更新追加。

2021-07-30 18:27:18 main.py [line:149] INFO 在Note：'Vulnerability in the Oracle WebLogic Server product of Oracle Fusion Middleware (component: Core). Supported versions that are affected are 12.1.3.0.0, 12.2.1.3.0, 12.2.1.4.0 and 14.1.1.0.0. Easily exploitable vulnerability allows unauthenticated attacker with network access via IIOP to compromise Oracle WebLogic Server. Successful attacks of this vulnerability can result in takeover of Oracle WebLogic Server. CVSS 3.1 Base Score 9.8 (Confidentiality, Integrity and Availability impacts). CVSS Vector: (CVSS:3.1/AV:N/AC:L/PR:N/UI:N/S:U/C:H/I:H/A:H).
Published:2021-04-22
Modified:2021-04-22
'中找到关键词：weblogic，CVE号：CVE-2021-2136

2021-07-30 18:27:18 main.py [line:151] INFO CVE号：CVE-2021-2136记录已有，不更新追加。

2021-07-30 18:27:18 main.py [line:149] INFO 在Note：'Vulnerability in the Oracle WebLogic Server product of Oracle Fusion Middleware (component: Console). The supported version that is affected is 10.3.6.0.0. Easily exploitable vulnerability allows unauthenticated attacker with network access via HTTP to compromise Oracle WebLogic Server. Successful attacks require human interaction from a person other than the attacker and while the vulnerability is in Oracle WebLogic Server, attacks may significantly impact additional products. Successful attacks of this vulnerability can result in unauthorized update, insert or delete access to some of Oracle WebLogic Server accessible data as well as unauthorized read access to a subset of Oracle WebLogic Server accessible data. CVSS 3.1 Base Score 6.1 (Confidentiality and Integrity impacts). CVSS Vector: (CVSS:3.1/AV:N/AC:L/PR:N/UI:R/S:C/C:L/I:L/A:N).
Published:2021-04-22
Modified:2021-04-22
'中找到关键词：weblogic，CVE号：CVE-2021-2142

2021-07-30 18:27:18 main.py [line:151] INFO CVE号：CVE-2021-2142记录已有，不更新追加。

2021-07-30 18:27:18 main.py [line:149] INFO 在Note：'Vulnerability in the Oracle WebLogic Server product of Oracle Fusion Middleware (component: TopLink Integration). Supported versions that are affected are 10.3.6.0.0, 12.1.3.0.0, 12.2.1.3.0 and 12.2.1.4.0. Easily exploitable vulnerability allows unauthenticated attacker with network access via HTTP to compromise Oracle WebLogic Server. Successful attacks of this vulnerability can result in unauthorized access to critical data or complete access to all Oracle WebLogic Server accessible data. CVSS 3.1 Base Score 7.5 (Confidentiality impacts). CVSS Vector: (CVSS:3.1/AV:N/AC:L/PR:N/UI:N/S:U/C:H/I:N/A:N).
Published:2021-04-22
Modified:2021-04-22
'中找到关键词：weblogic，CVE号：CVE-2021-2157

2021-07-30 18:27:18 main.py [line:151] INFO CVE号：CVE-2021-2157记录已有，不更新追加。

2021-07-30 18:27:18 main.py [line:149] INFO 在Note：'Vulnerability in the Oracle WebLogic Server product of Oracle Fusion Middleware (component: Core). Supported versions that are affected are 10.3.6.0.0, 12.1.3.0.0, 12.2.1.3.0, 12.2.1.4.0 and 14.1.1.0.0. Easily exploitable vulnerability allows unauthenticated attacker with network access via HTTP to compromise Oracle WebLogic Server. Successful attacks of this vulnerability can result in unauthorized read access to a subset of Oracle WebLogic Server accessible data. CVSS 3.1 Base Score 5.3 (Confidentiality impacts). CVSS Vector: (CVSS:3.1/AV:N/AC:L/PR:N/UI:N/S:U/C:L/I:N/A:N).
Published:2021-04-22
Modified:2021-04-22
'中找到关键词：weblogic，CVE号：CVE-2021-2204

2021-07-30 18:27:18 main.py [line:151] INFO CVE号：CVE-2021-2204记录已有，不更新追加。

2021-07-30 18:27:18 main.py [line:149] INFO 在Note：'Vulnerability in the Oracle WebLogic Server product of Oracle Fusion Middleware (component: Web Services). Supported versions that are affected are 10.3.6.0.0, 12.2.1.3.0, 12.2.1.4.0 and 14.1.1.0.0. Difficult to exploit vulnerability allows unauthenticated attacker with network access via T3, IIOP to compromise Oracle WebLogic Server. Successful attacks of this vulnerability can result in unauthorized access to critical data or complete access to all Oracle WebLogic Server accessible data. CVSS 3.1 Base Score 5.9 (Confidentiality impacts). CVSS Vector: (CVSS:3.1/AV:N/AC:H/PR:N/UI:N/S:U/C:H/I:N/A:N).
Published:2021-04-22
Modified:2021-04-22
'中找到关键词：weblogic，CVE号：CVE-2021-2211

2021-07-30 18:27:18 main.py [line:151] INFO CVE号：CVE-2021-2211记录已有，不更新追加。

2021-07-30 18:27:18 main.py [line:149] INFO 在Note：'Spring Security 5.4.x prior to 5.4.4, 5.3.x prior to 5.3.8.RELEASE, 5.2.x prior to 5.2.9.RELEASE, and older unsupported versions can fail to save the SecurityContext if it is changed more than once in a single request.A malicious user cannot cause the bug to happen (it must be programmed in). However, if the application's intent is to only allow the user to run with elevated privileges in a small portion of the application, the bug can be leveraged to extend those privileges to the rest of the application.
Published:2021-02-23
Modified:2021-07-20
'中找到关键词：spring，CVE号：CVE-2021-22112

2021-07-30 18:27:18 main.py [line:151] INFO CVE号：CVE-2021-22112记录已有，不更新追加。

2021-07-30 18:27:18 main.py [line:149] INFO 在Note：'Applications using the “Sensitive Headers” functionality in Spring Cloud Netflix Zuul 2.2.6.RELEASE and below may be vulnerable to bypassing the “Sensitive Headers” restriction when executing requests with specially constructed URLs. Applications that use Spring Security's StrictHttpFirewall (enabled by default for all URLs) are not affected by the vulnerability, as they reject requests that allow bypassing.
Published:2021-02-23
Modified:2021-02-23
'中找到关键词：spring，CVE号：CVE-2021-22113

2021-07-30 18:27:18 main.py [line:151] INFO CVE号：CVE-2021-22113记录已有，不更新追加。

2021-07-30 18:27:18 main.py [line:149] INFO 在Note：'Addresses partial fix in CVE-2018-1263. Spring-integration-zip, versions prior to 1.0.4, exposes an arbitrary file write vulnerability, that can be achieved using a specially crafted zip archive (affects other archives as well, bzip2, tar, xz, war, cpio, 7z), that holds path traversal filenames. So when the filename gets concatenated to the target extraction directory, the final path ends up outside of the target folder.
Published:2021-03-01
Modified:2021-03-01
'中找到关键词：spring，CVE号：CVE-2021-22114

2021-07-30 18:27:18 main.py [line:151] INFO CVE号：CVE-2021-22114记录已有，不更新追加。

2021-07-30 18:27:18 main.py [line:149] INFO 在Note：'In Spring Framework, versions 5.2.x prior to 5.2.15 and versions 5.3.x prior to 5.3.7, a WebFlux application is vulnerable to a privilege escalation: by (re)creating the temporary storage directory, a locally authenticated malicious user can read or modify files that have been uploaded to the WebFlux application, or overwrite arbitrary files with multipart request data.
Published:2021-05-27
Modified:2021-07-20
'中找到关键词：spring，CVE号：CVE-2021-22118

2021-07-30 18:27:18 main.py [line:151] INFO CVE号：CVE-2021-22118记录已有，不更新追加。

2021-07-30 18:27:18 main.py [line:149] INFO 在Note：'Spring Security versions 5.5.x prior to 5.5.1, 5.4.x prior to 5.4.7, 5.3.x prior to 5.3.10 and 5.2.x prior to 5.2.11 are susceptible to a Denial-of-Service (DoS) attack via the initiation of the Authorization Request in an OAuth 2.0 Client Web and WebFlux application. A malicious user or attacker can send multiple requests initiating the Authorization Request for the Authorization Code Grant, which has the potential of exhausting system resources using a single session or multiple sessions.
Published:2021-06-29
Modified:2021-07-26
'中找到关键词：spring，CVE号：CVE-2021-22119

2021-07-30 18:27:18 main.py [line:151] INFO CVE号：CVE-2021-22119记录已有，不更新追加。

2021-07-30 18:27:18 main.py [line:149] INFO 在Note：'Vulnerability in the Oracle WebLogic Server product of Oracle Fusion Middleware (component: Console). Supported versions that are affected are 10.3.6.0.0, 12.1.3.0.0, 12.2.1.3.0, 12.2.1.4.0 and 14.1.1.0.0. Difficult to exploit vulnerability allows high privileged attacker with network access via HTTP to compromise Oracle WebLogic Server. Successful attacks of this vulnerability can result in unauthorized access to critical data or complete access to all Oracle WebLogic Server accessible data. CVSS 3.1 Base Score 4.4 (Confidentiality impacts). CVSS Vector: (CVSS:3.1/AV:N/AC:H/PR:H/UI:N/S:U/C:H/I:N/A:N).
Published:2021-04-22
Modified:2021-04-22
'中找到关键词：weblogic，CVE号：CVE-2021-2214

2021-07-30 18:27:18 main.py [line:151] INFO CVE号：CVE-2021-2214记录已有，不更新追加。

2021-07-30 18:27:18 main.py [line:149] INFO 在Note：'Vulnerability in the Oracle WebLogic Server product of Oracle Fusion Middleware (component: Core). Supported versions that are affected are 10.3.6.0.0, 12.1.3.0.0, 12.2.1.3.0, 12.2.1.4.0 and 14.1.1.0.0. Easily exploitable vulnerability allows unauthenticated attacker with network access via T3, IIOP to compromise Oracle WebLogic Server. Successful attacks of this vulnerability can result in unauthorized update, insert or delete access to some of Oracle WebLogic Server accessible data and unauthorized ability to cause a partial denial of service (partial DOS) of Oracle WebLogic Server. CVSS 3.1 Base Score 6.5 (Integrity and Availability impacts). CVSS Vector: (CVSS:3.1/AV:N/AC:L/PR:N/UI:N/S:U/C:N/I:L/A:L).
Published:2021-04-22
Modified:2021-04-22
'中找到关键词：weblogic，CVE号：CVE-2021-2294

2021-07-30 18:27:18 main.py [line:151] INFO CVE号：CVE-2021-2294记录已有，不更新追加。

2021-07-30 18:27:18 main.py [line:149] INFO 在Note：'Vulnerability in the Oracle WebLogic Server product of Oracle Fusion Middleware (component: Web Services). Supported versions that are affected are 10.3.6.0.0, 12.1.3.0.0, 12.2.1.3.0, 12.2.1.4.0 and 14.1.1.0.0. Easily exploitable vulnerability allows unauthenticated attacker with network access via T3, IIOP to compromise Oracle WebLogic Server. Successful attacks of this vulnerability can result in unauthorized ability to cause a hang or frequently repeatable crash (complete DOS) of Oracle WebLogic Server. CVSS 3.1 Base Score 7.5 (Availability impacts). CVSS Vector: (CVSS:3.1/AV:N/AC:L/PR:N/UI:N/S:U/C:N/I:N/A:H).
Published:2021-07-20
Modified:2021-07-20
'中找到关键词：weblogic，CVE号：CVE-2021-2376

2021-07-30 18:27:18 main.py [line:153] INFO CVE号：CVE-2021-2376记录不存在，更新追加。

2021-07-30 18:27:18 main.py [line:149] INFO 在Note：'Vulnerability in the Oracle WebLogic Server product of Oracle Fusion Middleware (component: Core). Supported versions that are affected are 10.3.6.0.0, 12.1.3.0.0, 12.2.1.3.0, 12.2.1.4.0 and 14.1.1.0.0. Easily exploitable vulnerability allows unauthenticated attacker with network access via T3, IIOP to compromise Oracle WebLogic Server. Successful attacks of this vulnerability can result in unauthorized ability to cause a hang or frequently repeatable crash (complete DOS) of Oracle WebLogic Server. CVSS 3.1 Base Score 7.5 (Availability impacts). CVSS Vector: (CVSS:3.1/AV:N/AC:L/PR:N/UI:N/S:U/C:N/I:N/A:H).
Published:2021-07-20
Modified:2021-07-20
'中找到关键词：weblogic，CVE号：CVE-2021-2378

2021-07-30 18:27:18 main.py [line:153] INFO CVE号：CVE-2021-2378记录不存在，更新追加。

2021-07-30 18:27:18 main.py [line:149] INFO 在Note：'Vulnerability in the Oracle WebLogic Server product of Oracle Fusion Middleware (component: Security). Supported versions that are affected are 10.3.6.0.0, 12.1.3.0.0, 12.2.1.3.0, 12.2.1.4.0 and 14.1.1.0.0. Easily exploitable vulnerability allows unauthenticated attacker with network access via T3, IIOP to compromise Oracle WebLogic Server. Successful attacks of this vulnerability can result in takeover of Oracle WebLogic Server. CVSS 3.1 Base Score 9.8 (Confidentiality, Integrity and Availability impacts). CVSS Vector: (CVSS:3.1/AV:N/AC:L/PR:N/UI:N/S:U/C:H/I:H/A:H).
Published:2021-07-20
Modified:2021-07-20
'中找到关键词：weblogic，CVE号：CVE-2021-2382

2021-07-30 18:27:18 main.py [line:153] INFO CVE号：CVE-2021-2382记录不存在，更新追加。

2021-07-30 18:27:19 main.py [line:149] INFO 在Note：'Vulnerability in the Oracle WebLogic Server product of Oracle Fusion Middleware (component: Core). Supported versions that are affected are 10.3.6.0.0, 12.1.3.0.0, 12.2.1.3.0, 12.2.1.4.0 and 14.1.1.0.0. Easily exploitable vulnerability allows unauthenticated attacker with network access via T3, IIOP to compromise Oracle WebLogic Server. Successful attacks of this vulnerability can result in takeover of Oracle WebLogic Server. CVSS 3.1 Base Score 9.8 (Confidentiality, Integrity and Availability impacts). CVSS Vector: (CVSS:3.1/AV:N/AC:L/PR:N/UI:N/S:U/C:H/I:H/A:H).
Published:2021-07-20
Modified:2021-07-20
'中找到关键词：weblogic，CVE号：CVE-2021-2394

2021-07-30 18:27:19 main.py [line:153] INFO CVE号：CVE-2021-2394记录不存在，更新追加。

2021-07-30 18:27:19 main.py [line:149] INFO 在Note：'Vulnerability in the Oracle WebLogic Server product of Oracle Fusion Middleware (component: Core). Supported versions that are affected are 10.3.6.0.0, 12.1.3.0.0, 12.2.1.3.0, 12.2.1.4.0 and 14.1.1.0.0. Easily exploitable vulnerability allows unauthenticated attacker with network access via T3, IIOP to compromise Oracle WebLogic Server. Successful attacks of this vulnerability can result in takeover of Oracle WebLogic Server. CVSS 3.1 Base Score 9.8 (Confidentiality, Integrity and Availability impacts). CVSS Vector: (CVSS:3.1/AV:N/AC:L/PR:N/UI:N/S:U/C:H/I:H/A:H).
Published:2021-07-20
Modified:2021-07-20
'中找到关键词：weblogic，CVE号：CVE-2021-2397

2021-07-30 18:27:19 main.py [line:153] INFO CVE号：CVE-2021-2397记录不存在，更新追加。

2021-07-30 18:27:19 main.py [line:149] INFO 在Note：'Vulnerability in the Oracle WebLogic Server product of Oracle Fusion Middleware (component: Core). Supported versions that are affected are 10.3.6.0.0, 12.1.3.0.0, 12.2.1.3.0, 12.2.1.4.0 and 14.1.1.0.0. Easily exploitable vulnerability allows unauthenticated attacker with network access via HTTP to compromise Oracle WebLogic Server. Successful attacks of this vulnerability can result in unauthorized read access to a subset of Oracle WebLogic Server accessible data. CVSS 3.1 Base Score 5.3 (Confidentiality impacts). CVSS Vector: (CVSS:3.1/AV:N/AC:L/PR:N/UI:N/S:U/C:L/I:N/A:N).
Published:2021-07-20
Modified:2021-07-20
'中找到关键词：weblogic，CVE号：CVE-2021-2403

2021-07-30 18:27:19 main.py [line:153] INFO CVE号：CVE-2021-2403记录不存在，更新追加。

2021-07-30 18:27:19 main.py [line:149] INFO 在Note：'When serving resources from a network location using the NTFS file system, Apache Tomcat versions 10.0.0-M1 to 10.0.0-M9, 9.0.0.M1 to 9.0.39, 8.5.0 to 8.5.59 and 7.0.0 to 7.0.106 were susceptible to JSP source code disclosure in some configurations. The root cause was the unexpected behaviour of the JRE API File.getCanonicalPath() which in turn was caused by the inconsistent behaviour of the Windows API (FindFirstFileW) in some circumstances.
Published:2021-01-14
Modified:2021-07-20
'中找到关键词：tomcat，CVE号：CVE-2021-24122

2021-07-30 18:27:19 main.py [line:151] INFO CVE号：CVE-2021-24122记录已有，不更新追加。

2021-07-30 18:27:19 main.py [line:149] INFO 在Note：'When responding to new h2c connection requests, Apache Tomcat versions 10.0.0-M1 to 10.0.0, 9.0.0.M1 to 9.0.41 and 8.5.0 to 8.5.61 could duplicate request headers and a limited amount of request body from one request to another meaning user A and user B could both see the results of user A's request.
Published:2021-03-01
Modified:2021-07-20
'中找到关键词：tomcat，CVE号：CVE-2021-25122

2021-07-30 18:27:19 main.py [line:151] INFO CVE号：CVE-2021-25122记录已有，不更新追加。

2021-07-30 18:27:19 main.py [line:149] INFO 在Note：'The fix for CVE-2020-9484 was incomplete. When using Apache Tomcat 10.0.0-M1 to 10.0.0, 9.0.0.M1 to 9.0.41, 8.5.0 to 8.5.61 or 7.0.0. to 7.0.107 with a configuration edge case that was highly unlikely to be used, the Tomcat instance was still vulnerable to CVE-2020-9494. Note that both the previously published prerequisites for CVE-2020-9484 and the previously published mitigations for CVE-2020-9484 also apply to this issue.
Published:2021-03-01
Modified:2021-07-20
'中找到关键词：tomcat，CVE号：CVE-2021-25329

2021-07-30 18:27:19 main.py [line:151] INFO CVE号：CVE-2021-25329记录已有，不更新追加。

2021-07-30 18:27:19 main.py [line:149] INFO 在Note：'Broken Authentication in Atlassian Connect Spring Boot (ACSB) from version 1.1.0 before version 2.1.3: Atlassian Connect Spring Boot is a Java Spring Boot package for building Atlassian Connect apps. Authentication between Atlassian products and the Atlassian Connect Spring Boot app occurs with a server-to-server JWT or a context JWT. Atlassian Connect Spring Boot versions between 1.1.0 - 2.1.2 erroneously accept context JWTs in lifecycle endpoints (such as installation) where only server-to-server JWTs should be accepted, permitting an attacker to send authenticated re-installation events to an app.
Published:2021-04-15
Modified:2021-04-15
'中找到关键词：spring，CVE号：CVE-2021-26074

2021-07-30 18:27:19 main.py [line:151] INFO CVE号：CVE-2021-26074记录已有，不更新追加。

2021-07-30 18:27:19 main.py [line:149] INFO 在Note：'Broken Authentication in Atlassian Connect Spring Boot (ACSB) in version 1.1.0 before 2.1.3 and from version 2.1.4 before 2.1.5: Atlassian Connect Spring Boot is a Java Spring Boot package for building Atlassian Connect apps. Authentication between Atlassian products and the Atlassian Connect Spring Boot app occurs with a server-to-server JWT or a context JWT. Atlassian Connect Spring Boot versions 1.1.0 before 2.1.3 and versions 2.1.4 before 2.1.5 erroneously accept context JWTs in lifecycle endpoints (such as installation) where only server-to-server JWTs should be accepted, permitting an attacker to send authenticated re-installation events to an app.
Published:2021-05-09
Modified:2021-05-09
'中找到关键词：spring，CVE号：CVE-2021-26077

2021-07-30 18:27:19 main.py [line:151] INFO CVE号：CVE-2021-26077记录已有，不更新追加。

2021-07-30 18:27:19 main.py [line:149] INFO 在Note：'When booting a Zync-7000 SOC device from nand flash memory, the nand driver in the ROM does not validate the inputs when reading in any parameters in the nand’s parameter page. IF a field read in from the parameter page is too large, this causes a buffer overflow that could lead to arbitrary code execution. Physical access and modification of the board assembly on which the Zynq-7000 SoC device mounted is needed to replace the original NAND flash memory with a NAND flash emulation device for this attack to be successful.
Published:2021-03-15
Modified:2021-03-24
'中找到关键词：soc，CVE号：CVE-2021-27208

2021-07-30 18:27:19 main.py [line:151] INFO CVE号：CVE-2021-27208记录已有，不更新追加。

2021-07-30 18:27:19 main.py [line:149] INFO 在Note：'An issue was discovered in the Linux kernel through 5.11.8. The sound/soc/qcom/sdm845.c soundwire device driver has a buffer overflow when an unexpected port ID number is encountered, aka CID-1c668e1c0a0f. (This has been fixed in 5.12-rc4.)
Published:2021-03-20
Modified:2021-04-30
'中找到关键词：soc，CVE号：CVE-2021-28952

2021-07-30 18:27:19 main.py [line:151] INFO CVE号：CVE-2021-28952记录已有，不更新追加。

2021-07-30 18:27:19 main.py [line:149] INFO 在Note：'bubble fireworks is an open source java package relating to Spring Framework. In bubble fireworks before version 2021.BUILD-SNAPSHOT there is a vulnerability in which the package did not properly verify the signature of JSON Web Tokens. This allows to forgery of valid JWTs.
Published:2021-06-04
Modified:2021-06-04
'中找到关键词：spring，CVE号：CVE-2021-29500

2021-07-30 18:27:19 main.py [line:151] INFO CVE号：CVE-2021-29500记录已有，不更新追加。

2021-07-30 18:27:19 main.py [line:149] INFO 在Note：'A vulnerability in Apache Tomcat allows an attacker to remotely trigger a denial of service. An error introduced as part of a change to improve error handling during non-blocking I/O meant that the error flag associated with the Request object was not reset between requests. This meant that once a non-blocking I/O error occurred, all future requests handled by that request object would fail. Users were able to trigger non-blocking I/O errors, e.g. by dropping a connection, thereby creating the possibility of triggering a DoS. Applications that do not use non-blocking I/O are not exposed to this vulnerability. This issue affects Apache Tomcat 10.0.3 to 10.0.4; 9.0.44; 8.5.64.
Published:2021-07-12
Modified:2021-07-12
'中找到关键词：tomcat，CVE号：CVE-2021-30639

2021-07-30 18:27:19 main.py [line:153] INFO CVE号：CVE-2021-30639记录不存在，更新追加。

2021-07-30 18:27:19 main.py [line:149] INFO 在Note：'A vulnerability in the JNDI Realm of Apache Tomcat allows an attacker to authenticate using variations of a valid user name and/or to bypass some of the protection provided by the LockOut Realm. This issue affects Apache Tomcat 10.0.0-M1 to 10.0.5; 9.0.0.M1 to 9.0.45; 8.5.0 to 8.5.65.
Published:2021-07-12
Modified:2021-07-20
'中找到关键词：tomcat，CVE号：CVE-2021-30640

2021-07-30 18:27:19 main.py [line:153] INFO CVE号：CVE-2021-30640记录不存在，更新追加。

2021-07-30 18:27:19 main.py [line:149] INFO 在Note：'Authentication.logout() helper in com.vaadin:flow-client versions 5.0.0 prior to 6.0.0 (Vaadin 18), and 6.0.0 through 6.0.4 (Vaadin 19.0.0 through 19.0.3) uses incorrect HTTP method, which, in combination with Spring Security CSRF protection, allows local attackers to access Fusion endpoints after the user attempted to log out.
Published:2021-04-23
Modified:2021-04-23
'中找到关键词：spring，CVE号：CVE-2021-31408

2021-07-30 18:27:19 main.py [line:151] INFO CVE号：CVE-2021-31408记录已有，不更新追加。

2021-07-30 18:27:19 main.py [line:149] INFO 在Note：'Apache Tomcat 10.0.0-M1 to 10.0.6, 9.0.0.M1 to 9.0.46 and 8.5.0 to 8.5.66 did not correctly parse the HTTP transfer-encoding request header in some circumstances leading to the possibility to request smuggling when used with a reverse proxy. Specifically: - Tomcat incorrectly ignored the transfer encoding header if the client declared it would only accept an HTTP/1.0 response; - Tomcat honoured the identify encoding; and - Tomcat did not ensure that, if present, the chunked encoding was the final encoding.
Published:2021-07-12
Modified:2021-07-28
'中找到关键词：tomcat，CVE号：CVE-2021-33037

2021-07-30 18:27:19 main.py [line:153] INFO CVE号：CVE-2021-33037记录不存在，更新追加。

